<?xml version="1.0" encoding="utf-8"?><testsuites><testsuite name="pytest" errors="0" failures="0" skipped="1" tests="371" time="30.073" timestamp="2025-07-10T11:01:51.147284+00:00" hostname="pkrvmfkh1xnbeme"><testcase classname="tests.unit.cli.test_stack_config" name="test_parse_and_maybe_upgrade_config_up_to_date" time="0.008" /><testcase classname="tests.unit.cli.test_stack_config" name="test_parse_and_maybe_upgrade_config_old_format" time="0.007" /><testcase classname="tests.unit.cli.test_stack_config" name="test_parse_and_maybe_upgrade_config_invalid" time="0.001" /><testcase classname="tests.unit.distribution.routers.test_routing_tables" name="test_models_routing_table" time="0.039" /><testcase classname="tests.unit.distribution.routers.test_routing_tables" name="test_shields_routing_table" time="0.011" /><testcase classname="tests.unit.distribution.routers.test_routing_tables" name="test_vectordbs_routing_table" time="0.017" /><testcase classname="tests.unit.distribution.routers.test_routing_tables" name="test_datasets_routing_table" time="0.014" /><testcase classname="tests.unit.distribution.routers.test_routing_tables" name="test_scoring_functions_routing_table" time="0.009" /><testcase classname="tests.unit.distribution.routers.test_routing_tables" name="test_benchmarks_routing_table" time="0.014" /><testcase classname="tests.unit.distribution.routers.test_routing_tables" name="test_tool_groups_routing_table" time="0.010" /><testcase classname="tests.unit.distribution.test_build_path" name="test_container_build_passes_path" time="0.014" /><testcase classname="tests.unit.distribution.test_context" name="test_preserve_contexts_with_exception" time="0.002" /><testcase classname="tests.unit.distribution.test_context" name="test_preserve_contexts_empty_generator" time="0.001" /><testcase classname="tests.unit.distribution.test_context" name="test_preserve_contexts_across_event_loops" time="0.035" /><testcase classname="tests.unit.distribution.test_distribution.TestProviderRegistry" name="test_builtin_providers" time="0.005" /><testcase classname="tests.unit.distribution.test_distribution.TestProviderRegistry" name="test_external_remote_providers" time="0.012" /><testcase classname="tests.unit.distribution.test_distribution.TestProviderRegistry" name="test_external_inline_providers" time="0.011" /><testcase classname="tests.unit.distribution.test_distribution.TestProviderRegistry" name="test_invalid_yaml" time="0.009" /><testcase classname="tests.unit.distribution.test_distribution.TestProviderRegistry" name="test_missing_directory" time="0.001" /><testcase classname="tests.unit.distribution.test_distribution.TestProviderRegistry" name="test_empty_api_directory" time="0.005" /><testcase classname="tests.unit.distribution.test_distribution.TestProviderRegistry" name="test_malformed_remote_provider_spec" time="0.010" /><testcase classname="tests.unit.distribution.test_distribution.TestProviderRegistry" name="test_malformed_inline_provider_spec" time="0.008" /><testcase classname="tests.unit.files.test_files.TestOpenAIFilesAPI" name="test_upload_file_success" time="0.046" /><testcase classname="tests.unit.files.test_files.TestOpenAIFilesAPI" name="test_upload_different_purposes" time="0.013" /><testcase classname="tests.unit.files.test_files.TestOpenAIFilesAPI" name="test_upload_different_file_types" time="0.019" /><testcase classname="tests.unit.files.test_files.TestOpenAIFilesAPI" name="test_list_files_empty" time="0.014" /><testcase classname="tests.unit.files.test_files.TestOpenAIFilesAPI" name="test_list_files_with_content" time="0.019" /><testcase classname="tests.unit.files.test_files.TestOpenAIFilesAPI" name="test_list_files_with_purpose_filter" time="0.018" /><testcase classname="tests.unit.files.test_files.TestOpenAIFilesAPI" name="test_list_files_with_limit" time="0.027" /><testcase classname="tests.unit.files.test_files.TestOpenAIFilesAPI" name="test_list_files_with_order" time="0.024" /><testcase classname="tests.unit.files.test_files.TestOpenAIFilesAPI" name="test_retrieve_file_success" time="0.018" /><testcase classname="tests.unit.files.test_files.TestOpenAIFilesAPI" name="test_retrieve_file_not_found" time="0.014" /><testcase classname="tests.unit.files.test_files.TestOpenAIFilesAPI" name="test_retrieve_file_content_success" time="0.016" /><testcase classname="tests.unit.files.test_files.TestOpenAIFilesAPI" name="test_retrieve_file_content_not_found" time="0.013" /><testcase classname="tests.unit.files.test_files.TestOpenAIFilesAPI" name="test_delete_file_success" time="0.024" /><testcase classname="tests.unit.files.test_files.TestOpenAIFilesAPI" name="test_delete_file_not_found" time="0.013" /><testcase classname="tests.unit.files.test_files.TestOpenAIFilesAPI" name="test_file_persistence_across_operations" time="0.025" /><testcase classname="tests.unit.files.test_files.TestOpenAIFilesAPI" name="test_multiple_files_operations" time="0.025" /><testcase classname="tests.unit.files.test_files.TestOpenAIFilesAPI" name="test_file_id_uniqueness" time="0.035" /><testcase classname="tests.unit.files.test_files.TestOpenAIFilesAPI" name="test_file_no_filename_handling" time="0.015" /><testcase classname="tests.unit.files.test_files.TestOpenAIFilesAPI" name="test_after_pagination_works" time="0.031" /><testcase classname="tests.unit.models.llama.llama3.test_tool_utils.TestMaybeExtractCustomToolCall" name="test_valid_single_tool_call" time="0.001" /><testcase classname="tests.unit.models.llama.llama3.test_tool_utils.TestMaybeExtractCustomToolCall" name="test_valid_multiple_tool_calls" time="0.001" /><testcase classname="tests.unit.models.llama.llama3.test_tool_utils.TestMaybeExtractCustomToolCall" name="test_different_value_types" time="0.001" /><testcase classname="tests.unit.models.llama.llama3.test_tool_utils.TestMaybeExtractCustomToolCall" name="test_nested_structures" time="0.001" /><testcase classname="tests.unit.models.llama.llama3.test_tool_utils.TestMaybeExtractCustomToolCall" name="test_hyphenated_function_name" time="0.001" /><testcase classname="tests.unit.models.llama.llama3.test_tool_utils.TestMaybeExtractCustomToolCall" name="test_empty_input" time="0.001" /><testcase classname="tests.unit.models.llama.llama3.test_tool_utils.TestMaybeExtractCustomToolCall" name="test_invalid_format" time="0.001" /><testcase classname="tests.unit.models.llama.llama3.test_tool_utils.TestMaybeExtractCustomToolCall" name="test_quotes_handling" time="0.001" /><testcase classname="tests.unit.models.llama.llama3.test_tool_utils.TestMaybeExtractCustomToolCall" name="test_single_quotes_in_arguments" time="0.001" /><testcase classname="tests.unit.models.llama.llama3.test_tool_utils.TestMaybeExtractCustomToolCall" name="test_json_format" time="0.001" /><testcase classname="tests.unit.models.llama.llama3.test_tool_utils.TestMaybeExtractCustomToolCall" name="test_python_list_format" time="0.001" /><testcase classname="tests.unit.models.llama.llama3.test_tool_utils.TestMaybeExtractCustomToolCall" name="test_complex_nested_structures" time="0.001" /><testcase classname="tests.unit.models.llama.test_tokenizer_utils" name="test_load_bpe_file_basic_functionality" time="0.002" /><testcase classname="tests.unit.models.llama.test_tokenizer_utils" name="test_load_bpe_file_vs_tiktoken_with_real_model" time="0.469" /><testcase classname="tests.unit.models.llama.test_tokenizer_utils" name="test_load_bpe_file_vs_tiktoken_with_llama4_model" time="0.621" /><testcase classname="tests.unit.models.llama.test_tokenizer_utils" name="test_load_bpe_file_malformed_lines" time="0.003" /><testcase classname="tests.unit.models.llama.test_tokenizer_utils" name="test_load_bpe_file_nonexistent_file" time="0.001" /><testcase classname="tests.unit.models.llama.test_tokenizer_utils" name="test_tokenizer_integration" time="0.266" /><testcase classname="tests.unit.models.llama.test_tokenizer_utils" name="test_performance_comparison" time="0.376" /><testcase classname="tests.unit.models.test_prompt_adapter.PrepareMessagesTests" name="test_completion_message_encoding" time="0.122" /><testcase classname="tests.unit.models.test_prompt_adapter.PrepareMessagesTests" name="test_repalce_system_message_behavior_builtin_tools" time="0.005" /><testcase classname="tests.unit.models.test_prompt_adapter.PrepareMessagesTests" name="test_repalce_system_message_behavior_custom_tools" time="0.014" /><testcase classname="tests.unit.models.test_prompt_adapter.PrepareMessagesTests" name="test_replace_system_message_behavior_custom_tools_with_template" time="0.014" /><testcase classname="tests.unit.models.test_prompt_adapter.PrepareMessagesTests" name="test_system_builtin_only" time="0.006" /><testcase classname="tests.unit.models.test_prompt_adapter.PrepareMessagesTests" name="test_system_custom_and_builtin" time="0.013" /><testcase classname="tests.unit.models.test_prompt_adapter.PrepareMessagesTests" name="test_system_custom_only" time="0.013" /><testcase classname="tests.unit.models.test_prompt_adapter.PrepareMessagesTests" name="test_system_default" time="0.003" /><testcase classname="tests.unit.models.test_prompt_adapter.PrepareMessagesTests" name="test_user_provided_system_message" time="0.006" /><testcase classname="tests.unit.models.test_system_prompts.PromptTemplateTests" name="test_llama_3_2_provided_system_prompt" time="0.010" /><testcase classname="tests.unit.models.test_system_prompts.PromptTemplateTests" name="test_llama_3_2_system_zero_shot" time="0.010" /><testcase classname="tests.unit.models.test_system_prompts.PromptTemplateTests" name="test_system_builtin_only" time="0.003" /><testcase classname="tests.unit.models.test_system_prompts.PromptTemplateTests" name="test_system_custom_function_tag" time="0.007" /><testcase classname="tests.unit.models.test_system_prompts.PromptTemplateTests" name="test_system_custom_only" time="0.008" /><testcase classname="tests.unit.models.test_system_prompts.PromptTemplateTests" name="test_system_default" time="0.001" /><testcase classname="tests.unit.providers.agent.test_meta_reference_agent" name="test_create_agent" time="0.020" /><testcase classname="tests.unit.providers.agent.test_meta_reference_agent" name="test_get_agent" time="0.018" /><testcase classname="tests.unit.providers.agent.test_meta_reference_agent" name="test_list_agents" time="0.022" /><testcase classname="tests.unit.providers.agent.test_meta_reference_agent" name="test_create_agent_session_persistence[True]" time="0.043" /><testcase classname="tests.unit.providers.agent.test_meta_reference_agent" name="test_create_agent_session_persistence[False]" time="0.023" /><testcase classname="tests.unit.providers.agent.test_meta_reference_agent" name="test_list_agent_sessions_persistence[True]" time="0.032" /><testcase classname="tests.unit.providers.agent.test_meta_reference_agent" name="test_list_agent_sessions_persistence[False]" time="0.023" /><testcase classname="tests.unit.providers.agent.test_meta_reference_agent" name="test_delete_agent" time="0.023" /><testcase classname="tests.unit.providers.agents.meta_reference.test_openai_responses" name="test_create_openai_response_with_string_input" time="0.033" /><testcase classname="tests.unit.providers.agents.meta_reference.test_openai_responses" name="test_create_openai_response_with_string_input_with_tools" time="0.022" /><testcase classname="tests.unit.providers.agents.meta_reference.test_openai_responses" name="test_create_openai_response_with_tool_call_type_none" time="0.007" /><testcase classname="tests.unit.providers.agents.meta_reference.test_openai_responses" name="test_create_openai_response_with_multiple_messages" time="0.007" /><testcase classname="tests.unit.providers.agents.meta_reference.test_openai_responses" name="test_prepend_previous_response_none" time="0.004" /><testcase classname="tests.unit.providers.agents.meta_reference.test_openai_responses" name="test_prepend_previous_response_basic" time="0.004" /><testcase classname="tests.unit.providers.agents.meta_reference.test_openai_responses" name="test_prepend_previous_response_web_search" time="0.004" /><testcase classname="tests.unit.providers.agents.meta_reference.test_openai_responses" name="test_create_openai_response_with_instructions" time="0.007" /><testcase classname="tests.unit.providers.agents.meta_reference.test_openai_responses" name="test_create_openai_response_with_instructions_and_multiple_messages" time="0.007" /><testcase classname="tests.unit.providers.agents.meta_reference.test_openai_responses" name="test_create_openai_response_with_instructions_and_previous_response" time="0.007" /><testcase classname="tests.unit.providers.agents.meta_reference.test_openai_responses" name="test_list_openai_response_input_items_delegation" time="0.004" /><testcase classname="tests.unit.providers.agents.meta_reference.test_openai_responses" name="test_responses_store_list_input_items_logic" time="0.004" /><testcase classname="tests.unit.providers.agents.meta_reference.test_openai_responses" name="test_store_response_uses_rehydrated_input_with_previous_response" time="0.008" /><testcase classname="tests.unit.providers.agents.meta_reference.test_openai_responses" name="test_create_openai_response_with_text_format[text_format0-response_format0]" time="0.007" /><testcase classname="tests.unit.providers.agents.meta_reference.test_openai_responses" name="test_create_openai_response_with_text_format[text_format1-response_format1]" time="0.007" /><testcase classname="tests.unit.providers.agents.meta_reference.test_openai_responses" name="test_create_openai_response_with_text_format[text_format2-response_format2]" time="0.007" /><testcase classname="tests.unit.providers.agents.meta_reference.test_openai_responses" name="test_create_openai_response_with_text_format[text_format3-response_format3]" time="0.007" /><testcase classname="tests.unit.providers.agents.meta_reference.test_openai_responses" name="test_create_openai_response_with_text_format[None-response_format4]" time="0.007" /><testcase classname="tests.unit.providers.agents.meta_reference.test_openai_responses" name="test_create_openai_response_with_invalid_text_format" time="0.004" /><testcase classname="tests.unit.providers.agents.test_persistence_access_control" name="test_session_creation_with_access_attributes" time="0.008" /><testcase classname="tests.unit.providers.agents.test_persistence_access_control" name="test_session_access_control" time="0.008" /><testcase classname="tests.unit.providers.agents.test_persistence_access_control" name="test_turn_access_control" time="0.013" /><testcase classname="tests.unit.providers.agents.test_persistence_access_control" name="test_tool_call_and_infer_iters_access_control" time="0.012" /><testcase classname="tests.unit.providers.inference.test_remote_vllm" name="test_register_model_checks_vllm" time="1.026" /><testcase classname="tests.unit.providers.inference.test_remote_vllm" name="test_old_vllm_tool_choice" time="0.026" /><testcase classname="tests.unit.providers.inference.test_remote_vllm" name="test_tool_call_response" time="0.007" /><testcase classname="tests.unit.providers.inference.test_remote_vllm" name="test_tool_call_delta_empty_tool_call_buf" time="0.001" /><testcase classname="tests.unit.providers.inference.test_remote_vllm" name="test_tool_call_delta_streaming_arguments_dict" time="0.002" /><testcase classname="tests.unit.providers.inference.test_remote_vllm" name="test_multiple_tool_calls" time="0.001" /><testcase classname="tests.unit.providers.inference.test_remote_vllm" name="test_process_vllm_chat_completion_stream_response_no_choices" time="0.003" /><testcase classname="tests.unit.providers.inference.test_remote_vllm" name="test_chat_completion_doesnt_block_event_loop" time="1.196" /><testcase classname="tests.unit.providers.inference.test_remote_vllm" name="test_get_params_empty_tools" time="0.001" /><testcase classname="tests.unit.providers.inference.test_remote_vllm" name="test_process_vllm_chat_completion_stream_response_tool_call_args_last_chunk" time="0.001" /><testcase classname="tests.unit.providers.inference.test_remote_vllm" name="test_process_vllm_chat_completion_stream_response_no_finish_reason" time="0.001" /><testcase classname="tests.unit.providers.inference.test_remote_vllm" name="test_process_vllm_chat_completion_stream_response_tool_without_args" time="0.001" /><testcase classname="tests.unit.providers.inference.test_remote_vllm" name="test_health_status_success" time="0.002" /><testcase classname="tests.unit.providers.inference.test_remote_vllm" name="test_health_status_failure" time="0.002" /><testcase classname="tests.unit.providers.nvidia.test_datastore.TestNvidiaDatastore" name="test_register_dataset" time="0.003" /><testcase classname="tests.unit.providers.nvidia.test_datastore.TestNvidiaDatastore" name="test_register_dataset_with_custom_namespace_project" time="0.001" /><testcase classname="tests.unit.providers.nvidia.test_datastore.TestNvidiaDatastore" name="test_unregister_dataset" time="0.001" /><testcase classname="tests.unit.providers.nvidia.test_eval.TestNVIDIAEvalImpl" name="test_job_cancel" time="0.002" /><testcase classname="tests.unit.providers.nvidia.test_eval.TestNVIDIAEvalImpl" name="test_job_result" time="0.002" /><testcase classname="tests.unit.providers.nvidia.test_eval.TestNVIDIAEvalImpl" name="test_job_status" time="0.002" /><testcase classname="tests.unit.providers.nvidia.test_eval.TestNVIDIAEvalImpl" name="test_register_benchmark" time="0.002" /><testcase classname="tests.unit.providers.nvidia.test_eval.TestNVIDIAEvalImpl" name="test_run_eval" time="0.003" /><testcase classname="tests.unit.providers.nvidia.test_parameters.TestNvidiaParameters" name="test_customizer_parameters_passed" time="0.002" /><testcase classname="tests.unit.providers.nvidia.test_parameters.TestNvidiaParameters" name="test_required_parameters_passed" time="0.002" /><testcase classname="tests.unit.providers.nvidia.test_parameters.TestNvidiaParameters" name="test_unsupported_parameters_warning" time="0.002" /><testcase classname="tests.unit.providers.nvidia.test_safety.TestNVIDIASafetyAdapter" name="test_init_nemo_guardrails" time="0.002" /><testcase classname="tests.unit.providers.nvidia.test_safety.TestNVIDIASafetyAdapter" name="test_init_nemo_guardrails_invalid_temperature" time="0.001" /><testcase classname="tests.unit.providers.nvidia.test_safety.TestNVIDIASafetyAdapter" name="test_register_shield_with_valid_id" time="0.002" /><testcase classname="tests.unit.providers.nvidia.test_safety.TestNVIDIASafetyAdapter" name="test_register_shield_without_id" time="0.002" /><testcase classname="tests.unit.providers.nvidia.test_safety.TestNVIDIASafetyAdapter" name="test_run_shield_allowed" time="0.002" /><testcase classname="tests.unit.providers.nvidia.test_safety.TestNVIDIASafetyAdapter" name="test_run_shield_blocked" time="0.002" /><testcase classname="tests.unit.providers.nvidia.test_safety.TestNVIDIASafetyAdapter" name="test_run_shield_http_error" time="0.002" /><testcase classname="tests.unit.providers.nvidia.test_safety.TestNVIDIASafetyAdapter" name="test_run_shield_not_found" time="0.002" /><testcase classname="tests.unit.providers.nvidia.test_supervised_fine_tuning.TestNvidiaPostTraining" name="test_cancel_training_job" time="0.003" /><testcase classname="tests.unit.providers.nvidia.test_supervised_fine_tuning.TestNvidiaPostTraining" name="test_get_training_job_status" time="0.003" /><testcase classname="tests.unit.providers.nvidia.test_supervised_fine_tuning.TestNvidiaPostTraining" name="test_get_training_jobs" time="0.002" /><testcase classname="tests.unit.providers.nvidia.test_supervised_fine_tuning.TestNvidiaPostTraining" name="test_inference_register_model" time="0.003" /><testcase classname="tests.unit.providers.nvidia.test_supervised_fine_tuning.TestNvidiaPostTraining" name="test_supervised_fine_tune" time="0.003" /><testcase classname="tests.unit.providers.nvidia.test_supervised_fine_tuning.TestNvidiaPostTraining" name="test_supervised_fine_tune_with_qat" time="0.002" /><testcase classname="tests.unit.providers.test_configs.TestProviderConfigurations" name="test_api_providers[Api.inference]" time="0.095" /><testcase classname="tests.unit.providers.test_configs.TestProviderConfigurations" name="test_api_providers[Api.safety]" time="0.016" /><testcase classname="tests.unit.providers.test_configs.TestProviderConfigurations" name="test_api_providers[Api.agents]" time="0.002" /><testcase classname="tests.unit.providers.test_configs.TestProviderConfigurations" name="test_api_providers[Api.vector_io]" time="0.013" /><testcase classname="tests.unit.providers.test_configs.TestProviderConfigurations" name="test_api_providers[Api.datasetio]" time="0.008" /><testcase classname="tests.unit.providers.test_configs.TestProviderConfigurations" name="test_api_providers[Api.scoring]" time="0.008" /><testcase classname="tests.unit.providers.test_configs.TestProviderConfigurations" name="test_api_providers[Api.eval]" time="0.005" /><testcase classname="tests.unit.providers.test_configs.TestProviderConfigurations" name="test_api_providers[Api.post_training]" time="0.222" /><testcase classname="tests.unit.providers.test_configs.TestProviderConfigurations" name="test_api_providers[Api.tool_runtime]" time="0.023" /><testcase classname="tests.unit.providers.test_configs.TestProviderConfigurations" name="test_api_providers[Api.telemetry]" time="0.002" /><testcase classname="tests.unit.providers.test_configs.TestProviderConfigurations" name="test_api_providers[Api.files]" time="0.002" /><testcase classname="tests.unit.providers.utils.inference.test_openai_compat" name="test_convert_message_to_openai_dict" time="0.002" /><testcase classname="tests.unit.providers.utils.inference.test_openai_compat" name="test_convert_message_to_openai_dict_with_tool_call" time="0.001" /><testcase classname="tests.unit.providers.utils.inference.test_openai_compat" name="test_convert_message_to_openai_dict_with_builtin_tool_call" time="0.001" /><testcase classname="tests.unit.providers.utils.inference.test_openai_compat" name="test_openai_messages_to_messages_with_content_str" time="0.001" /><testcase classname="tests.unit.providers.utils.inference.test_openai_compat" name="test_openai_messages_to_messages_with_content_list" time="0.001" /><testcase classname="tests.unit.providers.utils.memory.test_vector_store" name="test_content_from_doc_with_url" time="0.003" /><testcase classname="tests.unit.providers.utils.memory.test_vector_store" name="test_content_from_doc_with_pdf_url" time="0.003" /><testcase classname="tests.unit.providers.utils.memory.test_vector_store" name="test_content_from_doc_with_data_url" time="0.001" /><testcase classname="tests.unit.providers.utils.memory.test_vector_store" name="test_content_from_doc_with_string" time="0.002" /><testcase classname="tests.unit.providers.utils.memory.test_vector_store" name="test_content_from_doc_with_string_url" time="0.003" /><testcase classname="tests.unit.providers.utils.memory.test_vector_store" name="test_content_from_doc_with_string_pdf_url" time="0.003" /><testcase classname="tests.unit.providers.utils.memory.test_vector_store" name="test_content_from_doc_with_interleaved_content" time="0.001" /><testcase classname="tests.unit.providers.utils.memory.test_vector_store" name="test_content_from_data_and_mime_type_success_utf8" time="0.001" /><testcase classname="tests.unit.providers.utils.memory.test_vector_store" name="test_content_from_data_and_mime_type_error_win1252" time="0.004" /><testcase classname="tests.unit.providers.utils.memory.test_vector_store" name="test_content_from_data_and_mime_type_both_encodings_fail" time="0.006" /><testcase classname="tests.unit.providers.utils.test_model_registry" name="test_lookup_unknown_model" time="0.002" /><testcase classname="tests.unit.providers.utils.test_model_registry" name="test_register_unknown_provider_model" time="0.002" /><testcase classname="tests.unit.providers.utils.test_model_registry" name="test_register_model" time="0.002" /><testcase classname="tests.unit.providers.utils.test_model_registry" name="test_register_model_from_alias" time="0.002" /><testcase classname="tests.unit.providers.utils.test_model_registry" name="test_register_model_existing" time="0.002" /><testcase classname="tests.unit.providers.utils.test_model_registry" name="test_register_model_existing_different" time="0.002" /><testcase classname="tests.unit.providers.utils.test_model_registry" name="test_unregister_model" time="0.002" /><testcase classname="tests.unit.providers.utils.test_model_registry" name="test_unregister_unknown_model" time="0.002" /><testcase classname="tests.unit.providers.utils.test_model_registry" name="test_register_model_during_init" time="0.002" /><testcase classname="tests.unit.providers.utils.test_model_registry" name="test_unregister_model_during_init" time="0.002" /><testcase classname="tests.unit.providers.utils.test_scheduler" name="test_scheduler_unknown_backend" time="0.001" /><testcase classname="tests.unit.providers.utils.test_scheduler" name="test_scheduler_naive" time="0.103" /><testcase classname="tests.unit.providers.utils.test_scheduler" name="test_scheduler_naive_handler_raises" time="0.319" /><testcase classname="tests.unit.providers.vector_io.test_chunk_utils" name="test_generate_chunk_id" time="0.001" /><testcase classname="tests.unit.providers.vector_io.test_chunk_utils" name="test_generate_chunk_id_with_window" time="0.001" /><testcase classname="tests.unit.providers.vector_io.test_chunk_utils" name="test_chunk_id" time="0.001" /><testcase classname="tests.unit.providers.vector_io.test_chunk_utils" name="test_stored_chunk_id_alias" time="0.001" /><testcase classname="tests.unit.providers.vector_io.test_faiss" name="test_faiss_query_vector_returns_infinity_when_query_and_embedding_are_identical" time="0.003" /><testcase classname="tests.unit.providers.vector_io.test_faiss" name="test_health_success" time="0.002" /><testcase classname="tests.unit.providers.vector_io.test_faiss" name="test_health_failure" time="0.002" /><testcase classname="tests.unit.providers.vector_io.test_qdrant" name="test_qdrant_adapter_returns_expected_chunks[2-2]" time="0.252" /><testcase classname="tests.unit.providers.vector_io.test_qdrant" name="test_qdrant_adapter_returns_expected_chunks[100-60]" time="0.296" /><testcase classname="tests.unit.providers.vector_io.test_qdrant" name="test_qdrant_register_and_unregister_vector_db" time="0.242" /><testcase classname="tests.unit.providers.vector_io.test_sqlite_vec" name="test_add_chunks" time="0.030" /><testcase classname="tests.unit.providers.vector_io.test_sqlite_vec" name="test_query_chunks_vector" time="0.014" /><testcase classname="tests.unit.providers.vector_io.test_sqlite_vec" name="test_query_chunk_metadata" time="0.016"><skipped type="pytest.xfail" message="Chunk Metadata not yet supported for SQLite-vec" /></testcase><testcase classname="tests.unit.providers.vector_io.test_sqlite_vec" name="test_query_chunks_full_text_search" time="0.016" /><testcase classname="tests.unit.providers.vector_io.test_sqlite_vec" name="test_query_chunks_hybrid" time="0.017" /><testcase classname="tests.unit.providers.vector_io.test_sqlite_vec" name="test_query_chunks_full_text_search_k_greater_than_results" time="0.015" /><testcase classname="tests.unit.providers.vector_io.test_sqlite_vec" name="test_chunk_id_conflict" time="0.019" /><testcase classname="tests.unit.providers.vector_io.test_sqlite_vec" name="test_query_chunks_hybrid_no_keyword_matches" time="0.023" /><testcase classname="tests.unit.providers.vector_io.test_sqlite_vec" name="test_query_chunks_hybrid_score_threshold" time="0.018" /><testcase classname="tests.unit.providers.vector_io.test_sqlite_vec" name="test_query_chunks_hybrid_different_embedding" time="0.020" /><testcase classname="tests.unit.providers.vector_io.test_sqlite_vec" name="test_query_chunks_hybrid_rrf_ranking" time="0.020" /><testcase classname="tests.unit.providers.vector_io.test_sqlite_vec" name="test_query_chunks_hybrid_score_selection" time="0.027" /><testcase classname="tests.unit.providers.vector_io.test_sqlite_vec" name="test_query_chunks_hybrid_mixed_results" time="0.021" /><testcase classname="tests.unit.providers.vector_io.test_sqlite_vec" name="test_query_chunks_hybrid_weighted_reranker_parametrization" time="0.042" /><testcase classname="tests.unit.providers.vector_io.test_sqlite_vec" name="test_query_chunks_hybrid_rrf_impact_factor" time="0.025" /><testcase classname="tests.unit.providers.vector_io.test_sqlite_vec" name="test_query_chunks_hybrid_edge_cases" time="0.031" /><testcase classname="tests.unit.providers.vector_io.test_sqlite_vec" name="test_query_chunks_hybrid_tie_breaking" time="0.052" /><testcase classname="tests.unit.providers.vector_io.test_vector_io_openai_vector_stores" name="test_cache_contains_initial_collection" time="0.779" /><testcase classname="tests.unit.providers.vector_io.test_vector_io_openai_vector_stores" name="test_add_chunks" time="0.926" /><testcase classname="tests.unit.providers.vector_io.test_vector_io_openai_vector_stores" name="test_query_chunks_vector" time="0.497" /><testcase classname="tests.unit.providers.vector_io.test_vector_io_openai_vector_stores" name="test_chunk_id_conflict" time="0.020" /><testcase classname="tests.unit.providers.vector_io.test_vector_io_openai_vector_stores" name="test_initialize_with_milvus_client" time="0.012" /><testcase classname="tests.unit.providers.vector_io.test_vector_io_openai_vector_stores" name="test_persistence_across_adapter_restarts" time="0.415" /><testcase classname="tests.unit.providers.vector_io.test_vector_io_openai_vector_stores" name="test_register_and_unregister_vector_db" time="0.009" /><testcase classname="tests.unit.providers.vector_io.test_vector_io_openai_vector_stores" name="test_query_unregistered_raises" time="0.002" /><testcase classname="tests.unit.providers.vector_io.test_vector_io_openai_vector_stores" name="test_insert_chunks_calls_underlying_index" time="0.002" /><testcase classname="tests.unit.providers.vector_io.test_vector_io_openai_vector_stores" name="test_insert_chunks_missing_db_raises" time="0.001" /><testcase classname="tests.unit.providers.vector_io.test_vector_io_openai_vector_stores" name="test_query_chunks_calls_underlying_index_and_returns" time="0.002" /><testcase classname="tests.unit.providers.vector_io.test_vector_io_openai_vector_stores" name="test_query_chunks_missing_db_raises" time="0.002" /><testcase classname="tests.unit.providers.vector_io.test_vector_io_openai_vector_stores" name="test_save_openai_vector_store" time="0.003" /><testcase classname="tests.unit.providers.vector_io.test_vector_io_openai_vector_stores" name="test_update_openai_vector_store" time="0.005" /><testcase classname="tests.unit.providers.vector_io.test_vector_io_openai_vector_stores" name="test_delete_openai_vector_store" time="0.006" /><testcase classname="tests.unit.providers.vector_io.test_vector_io_openai_vector_stores" name="test_load_openai_vector_stores" time="0.004" /><testcase classname="tests.unit.providers.vector_io.test_vector_io_openai_vector_stores" name="test_save_openai_vector_store_file" time="0.017" /><testcase classname="tests.unit.providers.vector_io.test_vector_io_openai_vector_stores" name="test_update_openai_vector_store_file" time="0.013" /><testcase classname="tests.unit.providers.vector_io.test_vector_io_openai_vector_stores" name="test_load_openai_vector_store_file_contents" time="0.010" /><testcase classname="tests.unit.providers.vector_io.test_vector_io_openai_vector_stores" name="test_delete_openai_vector_store_file_from_storage" time="0.016" /><testcase classname="tests.unit.rag.test_rag_query.TestRagQuery" name="test_query_raises_on_empty_vector_db_ids" time="0.002" /><testcase classname="tests.unit.rag.test_rag_query.TestRagQuery" name="test_query_chunk_metadata_handling" time="0.003" /><testcase classname="tests.unit.rag.test_vector_store.TestChunk" name="test_chunk" time="0.000" /><testcase classname="tests.unit.rag.test_vector_store.TestValidateEmbedding" name="test_valid_list_embeddings" time="0.000" /><testcase classname="tests.unit.rag.test_vector_store.TestValidateEmbedding" name="test_valid_numpy_embeddings" time="0.000" /><testcase classname="tests.unit.rag.test_vector_store.TestValidateEmbedding" name="test_invalid_embedding_type" time="0.002" /><testcase classname="tests.unit.rag.test_vector_store.TestValidateEmbedding" name="test_non_numeric_values" time="0.002" /><testcase classname="tests.unit.rag.test_vector_store.TestValidateEmbedding" name="test_wrong_dimension" time="0.004" /><testcase classname="tests.unit.rag.test_vector_store.TestVectorStore" name="test_returns_content_from_pdf_data_uri" time="6.626" /><testcase classname="tests.unit.rag.test_vector_store.TestVectorStore" name="test_downloads_pdf_and_returns_content" time="0.203" /><testcase classname="tests.unit.rag.test_vector_store.TestVectorStore" name="test_downloads_pdf_and_returns_content_with_url_object" time="0.082" /><testcase classname="tests.unit.rag.test_vector_store.TestVectorStore" name="test_make_overlapped_chunks[5-2-4]" time="0.001" /><testcase classname="tests.unit.rag.test_vector_store.TestVectorStore" name="test_make_overlapped_chunks[4-1-4]" time="0.001" /><testcase classname="tests.unit.rag.test_vector_store.TestVectorStore" name="test_raise_overlapped_chunks_metadata_serialization_error" time="0.001" /><testcase classname="tests.unit.rag.test_vector_store.TestVectorDBWithIndex" name="test_insert_chunks_without_embeddings" time="0.004" /><testcase classname="tests.unit.rag.test_vector_store.TestVectorDBWithIndex" name="test_insert_chunks_with_valid_embeddings" time="0.002" /><testcase classname="tests.unit.rag.test_vector_store.TestVectorDBWithIndex" name="test_insert_chunks_with_invalid_embeddings" time="0.008" /><testcase classname="tests.unit.rag.test_vector_store.TestVectorDBWithIndex" name="test_insert_chunks_with_partially_precomputed_embeddings" time="0.003" /><testcase classname="tests.unit.registry.test_registry" name="test_registry_initialization" time="0.007" /><testcase classname="tests.unit.registry.test_registry" name="test_basic_registration" time="0.022" /><testcase classname="tests.unit.registry.test_registry" name="test_cached_registry_initialization" time="0.020" /><testcase classname="tests.unit.registry.test_registry" name="test_cached_registry_updates" time="0.014" /><testcase classname="tests.unit.registry.test_registry" name="test_duplicate_provider_registration" time="0.010" /><testcase classname="tests.unit.registry.test_registry" name="test_get_all_objects" time="0.016" /><testcase classname="tests.unit.registry.test_registry" name="test_parse_registry_values_error_handling" time="0.050" /><testcase classname="tests.unit.registry.test_registry" name="test_cached_registry_error_handling" time="0.023" /><testcase classname="tests.unit.registry.test_registry_acl" name="test_registry_cache_with_acl" time="0.013" /><testcase classname="tests.unit.registry.test_registry_acl" name="test_registry_empty_acl" time="0.009" /><testcase classname="tests.unit.registry.test_registry_acl" name="test_registry_serialization" time="0.013" /><testcase classname="tests.unit.server.test_access_control" name="test_access_control_with_cache" time="0.015" /><testcase classname="tests.unit.server.test_access_control" name="test_access_control_and_updates" time="0.011" /><testcase classname="tests.unit.server.test_access_control" name="test_access_control_empty_attributes" time="0.008" /><testcase classname="tests.unit.server.test_access_control" name="test_no_user_attributes" time="0.011" /><testcase classname="tests.unit.server.test_access_control" name="test_automatic_access_attributes" time="0.011" /><testcase classname="tests.unit.server.test_access_control" name="test_access_policy" time="0.033" /><testcase classname="tests.unit.server.test_access_control" name="test_permit_when" time="0.003" /><testcase classname="tests.unit.server.test_access_control" name="test_permit_unless" time="0.003" /><testcase classname="tests.unit.server.test_access_control" name="test_forbid_when" time="0.003" /><testcase classname="tests.unit.server.test_access_control" name="test_forbid_unless" time="0.003" /><testcase classname="tests.unit.server.test_access_control" name="test_user_has_attribute" time="0.002" /><testcase classname="tests.unit.server.test_access_control" name="test_user_does_not_have_attribute" time="0.002" /><testcase classname="tests.unit.server.test_access_control" name="test_is_owner" time="0.002" /><testcase classname="tests.unit.server.test_access_control" name="test_is_not_owner" time="0.002" /><testcase classname="tests.unit.server.test_access_control" name="test_invalid_rule_permit_and_forbid_both_specified" time="0.002" /><testcase classname="tests.unit.server.test_access_control" name="test_invalid_rule_neither_permit_or_forbid_specified" time="0.002" /><testcase classname="tests.unit.server.test_access_control" name="test_invalid_rule_when_and_unless_both_specified" time="0.002" /><testcase classname="tests.unit.server.test_access_control" name="test_invalid_condition" time="0.002" /><testcase classname="tests.unit.server.test_access_control" name="test_condition_reprs[user is owner]" time="0.001" /><testcase classname="tests.unit.server.test_access_control" name="test_condition_reprs[user is not owner]" time="0.001" /><testcase classname="tests.unit.server.test_access_control" name="test_condition_reprs[user with dev in teams]" time="0.001" /><testcase classname="tests.unit.server.test_access_control" name="test_condition_reprs[user with default not in namespaces]" time="0.001" /><testcase classname="tests.unit.server.test_access_control" name="test_condition_reprs[user in owners roles]" time="0.001" /><testcase classname="tests.unit.server.test_access_control" name="test_condition_reprs[user not in owners projects]" time="0.001" /><testcase classname="tests.unit.server.test_auth" name="test_missing_auth_header" time="0.008" /><testcase classname="tests.unit.server.test_auth" name="test_invalid_auth_header_format" time="0.003" /><testcase classname="tests.unit.server.test_auth" name="test_valid_http_authentication" time="0.029" /><testcase classname="tests.unit.server.test_auth" name="test_invalid_http_authentication" time="0.086" /><testcase classname="tests.unit.server.test_auth" name="test_http_auth_service_error" time="0.204" /><testcase classname="tests.unit.server.test_auth" name="test_http_auth_request_payload" time="0.222" /><testcase classname="tests.unit.server.test_auth" name="test_http_middleware_with_access_attributes" time="0.026" /><testcase classname="tests.unit.server.test_auth" name="test_missing_auth_header_oauth2" time="0.004" /><testcase classname="tests.unit.server.test_auth" name="test_invalid_auth_header_format_oauth2" time="0.003" /><testcase classname="tests.unit.server.test_auth" name="test_valid_oauth2_authentication" time="0.029" /><testcase classname="tests.unit.server.test_auth" name="test_invalid_oauth2_authentication" time="0.198" /><testcase classname="tests.unit.server.test_auth" name="test_oauth2_with_jwks_token_expected" time="0.121" /><testcase classname="tests.unit.server.test_auth" name="test_oauth2_with_jwks_token_configured" time="0.030" /><testcase classname="tests.unit.server.test_auth" name="test_get_attributes_from_claims" time="0.001" /><testcase classname="tests.unit.server.test_auth" name="test_missing_auth_header_introspection" time="0.003" /><testcase classname="tests.unit.server.test_auth" name="test_invalid_auth_header_format_introspection" time="0.003" /><testcase classname="tests.unit.server.test_auth" name="test_valid_introspection_authentication" time="0.005" /><testcase classname="tests.unit.server.test_auth" name="test_inactive_introspection_authentication" time="0.064" /><testcase classname="tests.unit.server.test_auth" name="test_invalid_introspection_authentication" time="0.130" /><testcase classname="tests.unit.server.test_auth" name="test_failed_introspection_authentication" time="0.066" /><testcase classname="tests.unit.server.test_auth" name="test_valid_introspection_with_custom_mapping_authentication" time="0.005" /><testcase classname="tests.unit.server.test_auth_github" name="test_authenticated_endpoint_without_token" time="0.003" /><testcase classname="tests.unit.server.test_auth_github" name="test_authenticated_endpoint_with_invalid_bearer_format" time="0.003" /><testcase classname="tests.unit.server.test_auth_github" name="test_authenticated_endpoint_with_valid_github_token" time="0.005" /><testcase classname="tests.unit.server.test_auth_github" name="test_authenticated_endpoint_with_invalid_github_token" time="0.178" /><testcase classname="tests.unit.server.test_auth_github" name="test_github_enterprise_support" time="0.007" /><testcase classname="tests.unit.server.test_auth_github" name="test_github_token_auth_error_message_format" time="0.003" /><testcase classname="tests.unit.server.test_quota" name="test_authenticated_quota_allows_up_to_limit" time="0.018" /><testcase classname="tests.unit.server.test_quota" name="test_authenticated_quota_blocks_after_limit" time="0.023" /><testcase classname="tests.unit.server.test_quota" name="test_anonymous_quota_allows_up_to_limit" time="0.010" /><testcase classname="tests.unit.server.test_quota" name="test_anonymous_quota_blocks_after_limit" time="0.016" /><testcase classname="tests.unit.server.test_replace_env_vars.TestReplaceEnvVars" name="test_conditional_value_when_empty" time="0.001" /><testcase classname="tests.unit.server.test_replace_env_vars.TestReplaceEnvVars" name="test_conditional_value_when_not_set" time="0.001" /><testcase classname="tests.unit.server.test_replace_env_vars.TestReplaceEnvVars" name="test_conditional_value_when_set" time="0.001" /><testcase classname="tests.unit.server.test_replace_env_vars.TestReplaceEnvVars" name="test_conditional_value_with_zero" time="0.001" /><testcase classname="tests.unit.server.test_replace_env_vars.TestReplaceEnvVars" name="test_default_value_when_empty" time="0.001" /><testcase classname="tests.unit.server.test_replace_env_vars.TestReplaceEnvVars" name="test_default_value_when_not_set" time="0.001" /><testcase classname="tests.unit.server.test_replace_env_vars.TestReplaceEnvVars" name="test_default_value_when_set" time="0.001" /><testcase classname="tests.unit.server.test_replace_env_vars.TestReplaceEnvVars" name="test_empty_var_no_default" time="0.001" /><testcase classname="tests.unit.server.test_replace_env_vars.TestReplaceEnvVars" name="test_mixed_syntax" time="0.001" /><testcase classname="tests.unit.server.test_replace_env_vars.TestReplaceEnvVars" name="test_nested_structures" time="0.001" /><testcase classname="tests.unit.server.test_replace_env_vars.TestReplaceEnvVars" name="test_none_value_when_empty" time="0.001" /><testcase classname="tests.unit.server.test_replace_env_vars.TestReplaceEnvVars" name="test_simple_replacement" time="0.001" /><testcase classname="tests.unit.server.test_replace_env_vars.TestReplaceEnvVars" name="test_value_when_set" time="0.001" /><testcase classname="tests.unit.server.test_resolver" name="test_resolve_impls_basic" time="0.021" /><testcase classname="tests.unit.server.test_server.TestTranslateException" name="test_translate_access_denied_error" time="0.001" /><testcase classname="tests.unit.server.test_server.TestTranslateException" name="test_translate_access_denied_error_with_context" time="0.001" /><testcase classname="tests.unit.server.test_server.TestTranslateException" name="test_translate_permission_error" time="0.000" /><testcase classname="tests.unit.server.test_server.TestTranslateException" name="test_translate_value_error" time="0.000" /><testcase classname="tests.unit.server.test_server.TestTranslateException" name="test_translate_bad_request_error" time="0.001" /><testcase classname="tests.unit.server.test_server.TestTranslateException" name="test_translate_authentication_required_error" time="0.000" /><testcase classname="tests.unit.server.test_server.TestTranslateException" name="test_translate_timeout_error" time="0.000" /><testcase classname="tests.unit.server.test_server.TestTranslateException" name="test_translate_asyncio_timeout_error" time="0.000" /><testcase classname="tests.unit.server.test_server.TestTranslateException" name="test_translate_not_implemented_error" time="0.000" /><testcase classname="tests.unit.server.test_server.TestTranslateException" name="test_translate_validation_error" time="0.001" /><testcase classname="tests.unit.server.test_server.TestTranslateException" name="test_translate_generic_exception" time="0.000" /><testcase classname="tests.unit.server.test_server.TestTranslateException" name="test_translate_runtime_error" time="0.000" /><testcase classname="tests.unit.server.test_server.TestTranslateException" name="test_multiple_access_denied_scenarios" time="0.001" /><testcase classname="tests.unit.server.test_sse" name="test_sse_generator_basic" time="0.021" /><testcase classname="tests.unit.server.test_sse" name="test_sse_generator_client_disconnected" time="0.013" /><testcase classname="tests.unit.server.test_sse" name="test_sse_generator_client_disconnected_before_response_starts" time="0.002" /><testcase classname="tests.unit.server.test_sse" name="test_sse_generator_error_before_response_starts" time="0.042" /><testcase classname="tests.unit.server.test_sse" name="test_paginated_response_url_setting" time="0.002" /><testcase classname="tests.unit.utils.inference.test_inference_store" name="test_inference_store_pagination_basic" time="0.030" /><testcase classname="tests.unit.utils.inference.test_inference_store" name="test_inference_store_pagination_ascending" time="0.023" /><testcase classname="tests.unit.utils.inference.test_inference_store" name="test_inference_store_pagination_with_model_filter" time="0.025" /><testcase classname="tests.unit.utils.inference.test_inference_store" name="test_inference_store_pagination_invalid_after" time="0.015" /><testcase classname="tests.unit.utils.inference.test_inference_store" name="test_inference_store_pagination_no_limit" time="0.017" /><testcase classname="tests.unit.utils.responses.test_responses_store" name="test_responses_store_pagination_basic" time="0.028" /><testcase classname="tests.unit.utils.responses.test_responses_store" name="test_responses_store_pagination_ascending" time="0.022" /><testcase classname="tests.unit.utils.responses.test_responses_store" name="test_responses_store_pagination_with_model_filter" time="0.029" /><testcase classname="tests.unit.utils.responses.test_responses_store" name="test_responses_store_pagination_invalid_after" time="0.014" /><testcase classname="tests.unit.utils.responses.test_responses_store" name="test_responses_store_pagination_no_limit" time="0.016" /><testcase classname="tests.unit.utils.responses.test_responses_store" name="test_responses_store_get_response_object" time="0.018" /><testcase classname="tests.unit.utils.responses.test_responses_store" name="test_responses_store_input_items_pagination" time="0.030" /><testcase classname="tests.unit.utils.responses.test_responses_store" name="test_responses_store_input_items_before_pagination" time="0.031" /><testcase classname="tests.unit.utils.sqlstore.test_sqlstore" name="test_sqlite_sqlstore" time="0.032" /><testcase classname="tests.unit.utils.sqlstore.test_sqlstore" name="test_sqlstore_pagination_basic" time="0.026" /><testcase classname="tests.unit.utils.sqlstore.test_sqlstore" name="test_sqlstore_pagination_with_filter" time="0.022" /><testcase classname="tests.unit.utils.sqlstore.test_sqlstore" name="test_sqlstore_pagination_ascending_order" time="0.022" /><testcase classname="tests.unit.utils.sqlstore.test_sqlstore" name="test_sqlstore_pagination_multi_column_ordering_error" time="0.016" /><testcase classname="tests.unit.utils.sqlstore.test_sqlstore" name="test_sqlstore_pagination_cursor_requires_order_by" time="0.013" /><testcase classname="tests.unit.utils.sqlstore.test_sqlstore" name="test_sqlstore_pagination_error_handling" time="0.019" /><testcase classname="tests.unit.utils.sqlstore.test_sqlstore" name="test_sqlstore_pagination_custom_key_column" time="0.019" /><testcase classname="tests.unit.utils.test_authorized_sqlstore" name="test_authorized_fetch_with_where_sql_access_control" time="0.022" /><testcase classname="tests.unit.utils.test_authorized_sqlstore" name="test_sql_policy_consistency" time="0.032" /><testcase classname="tests.unit.utils.test_authorized_sqlstore" name="test_authorized_store_user_attribute_capture" time="0.034" /></testsuite></testsuites>